This is pdfTeX, Version 3.14159265-2.6-1.40.20 (TeX Live 2019/W32TeX) (preloaded format=pdflatex 2019.9.16)  18 JAN 2020 13:42
entering extended mode
 restricted \write18 enabled.
 %&-line parsing enabled.
**PI.tex
(./PI.tex
LaTeX2e <2018-12-01>
(c:/texlive/2019/texmf-dist/tex/latex/base/article.cls
Document Class: article 2018/09/03 v1.4i Standard LaTeX document class
(c:/texlive/2019/texmf-dist/tex/latex/base/size10.clo
File: size10.clo 2018/09/03 v1.4i Standard LaTeX file (size option)
)
\c@part=\count80
\c@section=\count81
\c@subsection=\count82
\c@subsubsection=\count83
\c@paragraph=\count84
\c@subparagraph=\count85
\c@figure=\count86
\c@table=\count87
\abovecaptionskip=\skip41
\belowcaptionskip=\skip42
\bibindent=\dimen102
)
(c:/texlive/2019/texmf-dist/tex/latex/base/inputenc.sty
Package: inputenc 2018/08/11 v1.3c Input encoding file
\inpenc@prehook=\toks14
\inpenc@posthook=\toks15
)
(c:/texlive/2019/texmf-dist/tex/latex/base/fontenc.sty
Package: fontenc 2018/08/11 v2.0j Standard LaTeX package

(c:/texlive/2019/texmf-dist/tex/latex/base/t1enc.def
File: t1enc.def 2018/08/11 v2.0j Standard LaTeX file
LaTeX Font Info:    Redeclaring font encoding T1 on input line 48.
))
(c:/texlive/2019/texmf-dist/tex/latex/lm/lmodern.sty
Package: lmodern 2009/10/30 v1.6 Latin Modern Fonts
LaTeX Font Info:    Overwriting symbol font `operators' in version `normal'
(Font)                  OT1/cmr/m/n --> OT1/lmr/m/n on input line 22.
LaTeX Font Info:    Overwriting symbol font `letters' in version `normal'
(Font)                  OML/cmm/m/it --> OML/lmm/m/it on input line 23.
LaTeX Font Info:    Overwriting symbol font `symbols' in version `normal'
(Font)                  OMS/cmsy/m/n --> OMS/lmsy/m/n on input line 24.
LaTeX Font Info:    Overwriting symbol font `largesymbols' in version `normal'
(Font)                  OMX/cmex/m/n --> OMX/lmex/m/n on input line 25.
LaTeX Font Info:    Overwriting symbol font `operators' in version `bold'
(Font)                  OT1/cmr/bx/n --> OT1/lmr/bx/n on input line 26.
LaTeX Font Info:    Overwriting symbol font `letters' in version `bold'
(Font)                  OML/cmm/b/it --> OML/lmm/b/it on input line 27.
LaTeX Font Info:    Overwriting symbol font `symbols' in version `bold'
(Font)                  OMS/cmsy/b/n --> OMS/lmsy/b/n on input line 28.
LaTeX Font Info:    Overwriting symbol font `largesymbols' in version `bold'
(Font)                  OMX/cmex/m/n --> OMX/lmex/m/n on input line 29.
LaTeX Font Info:    Overwriting math alphabet `\mathbf' in version `normal'
(Font)                  OT1/cmr/bx/n --> OT1/lmr/bx/n on input line 31.
LaTeX Font Info:    Overwriting math alphabet `\mathsf' in version `normal'
(Font)                  OT1/cmss/m/n --> OT1/lmss/m/n on input line 32.
LaTeX Font Info:    Overwriting math alphabet `\mathit' in version `normal'
(Font)                  OT1/cmr/m/it --> OT1/lmr/m/it on input line 33.
LaTeX Font Info:    Overwriting math alphabet `\mathtt' in version `normal'
(Font)                  OT1/cmtt/m/n --> OT1/lmtt/m/n on input line 34.
LaTeX Font Info:    Overwriting math alphabet `\mathbf' in version `bold'
(Font)                  OT1/cmr/bx/n --> OT1/lmr/bx/n on input line 35.
LaTeX Font Info:    Overwriting math alphabet `\mathsf' in version `bold'
(Font)                  OT1/cmss/bx/n --> OT1/lmss/bx/n on input line 36.
LaTeX Font Info:    Overwriting math alphabet `\mathit' in version `bold'
(Font)                  OT1/cmr/bx/it --> OT1/lmr/bx/it on input line 37.
LaTeX Font Info:    Overwriting math alphabet `\mathtt' in version `bold'
(Font)                  OT1/cmtt/m/n --> OT1/lmtt/m/n on input line 38.
)
(c:/texlive/2019/texmf-dist/tex/latex/hyperref/hyperref.sty
Package: hyperref 2019/09/12 v6.88i Hypertext links for LaTeX

(c:/texlive/2019/texmf-dist/tex/generic/oberdiek/hobsub-hyperref.sty
Package: hobsub-hyperref 2016/05/16 v1.14 Bundle oberdiek, subset hyperref (HO)


(c:/texlive/2019/texmf-dist/tex/generic/oberdiek/hobsub-generic.sty
Package: hobsub-generic 2016/05/16 v1.14 Bundle oberdiek, subset generic (HO)
Package: hobsub 2016/05/16 v1.14 Construct package bundles (HO)
Package: infwarerr 2016/05/16 v1.4 Providing info/warning/error messages (HO)
Package: ltxcmds 2016/05/16 v1.23 LaTeX kernel commands for general use (HO)
Package: ifluatex 2016/05/16 v1.4 Provides the ifluatex switch (HO)
Package ifluatex Info: LuaTeX not detected.
Package: ifvtex 2016/05/16 v1.6 Detect VTeX and its facilities (HO)
Package ifvtex Info: VTeX not detected.
Package: intcalc 2016/05/16 v1.2 Expandable calculations with integers (HO)
Package: ifpdf 2018/09/07 v3.3 Provides the ifpdf switch
Package: etexcmds 2016/05/16 v1.6 Avoid name clashes with e-TeX commands (HO)
Package: kvsetkeys 2016/05/16 v1.17 Key value parser (HO)
Package: kvdefinekeys 2016/05/16 v1.4 Define keys (HO)
Package: pdftexcmds 2019/07/25 v0.30 Utility functions of pdfTeX for LuaTeX (HO
)
Package pdftexcmds Info: LuaTeX not detected.
Package pdftexcmds Info: \pdf@primitive is available.
Package pdftexcmds Info: \pdf@ifprimitive is available.
Package pdftexcmds Info: \pdfdraftmode found.
Package: pdfescape 2016/05/16 v1.14 Implements pdfTeX's escape features (HO)
Package: bigintcalc 2016/05/16 v1.4 Expandable calculations on big integers (HO
)
Package: bitset 2016/05/16 v1.2 Handle bit-vector datatype (HO)
Package: uniquecounter 2016/05/16 v1.3 Provide unlimited unique counter (HO)
)
Package hobsub Info: Skipping package `hobsub' (already loaded).
Package: letltxmacro 2016/05/16 v1.5 Let assignment for LaTeX macros (HO)
Package: hopatch 2016/05/16 v1.3 Wrapper for package hooks (HO)
Package: xcolor-patch 2016/05/16 xcolor patch
Package: atveryend 2016/05/16 v1.9 Hooks at the very end of document (HO)
Package atveryend Info: \enddocument detected (standard20110627).
Package: atbegshi 2016/06/09 v1.18 At begin shipout hook (HO)
Package: refcount 2016/05/16 v3.5 Data extraction from label references (HO)
Package: hycolor 2016/05/16 v1.8 Color options for hyperref/bookmark (HO)
)
(c:/texlive/2019/texmf-dist/tex/latex/graphics/keyval.sty
Package: keyval 2014/10/28 v1.15 key=value parser (DPC)
\KV@toks@=\toks16
)
(c:/texlive/2019/texmf-dist/tex/generic/ifxetex/ifxetex.sty
Package: ifxetex 2010/09/12 v0.6 Provides ifxetex conditional
)
(c:/texlive/2019/texmf-dist/tex/latex/oberdiek/auxhook.sty
Package: auxhook 2016/05/16 v1.4 Hooks for auxiliary files (HO)
)
(c:/texlive/2019/texmf-dist/tex/latex/oberdiek/kvoptions.sty
Package: kvoptions 2016/05/16 v3.12 Key value format for package options (HO)
)
\@linkdim=\dimen103
\Hy@linkcounter=\count88
\Hy@pagecounter=\count89

(c:/texlive/2019/texmf-dist/tex/latex/hyperref/pd1enc.def
File: pd1enc.def 2019/09/12 v6.88i Hyperref: PDFDocEncoding definition (HO)
Now handling font encoding PD1 ...
... no UTF-8 mapping file for font encoding PD1
)
\Hy@SavedSpaceFactor=\count90

(c:/texlive/2019/texmf-dist/tex/latex/latexconfig/hyperref.cfg
File: hyperref.cfg 2002/06/06 v1.2 hyperref configuration of TeXLive
)
Package hyperref Info: Option `bookmarks' set `true' on input line 4424.
Package hyperref Info: Hyper figures OFF on input line 4550.
Package hyperref Info: Link nesting OFF on input line 4555.
Package hyperref Info: Hyper index ON on input line 4558.
Package hyperref Info: Plain pages OFF on input line 4565.
Package hyperref Info: Backreferencing OFF on input line 4570.
Package hyperref Info: Implicit mode ON; LaTeX internals redefined.
Package hyperref Info: Bookmarks ON on input line 4803.
\c@Hy@tempcnt=\count91

(c:/texlive/2019/texmf-dist/tex/latex/url/url.sty
\Urlmuskip=\muskip10
Package: url 2013/09/16  ver 3.4  Verb mode for urls, etc.
)
LaTeX Info: Redefining \url on input line 5156.
\XeTeXLinkMargin=\dimen104
\Fld@menulength=\count92
\Field@Width=\dimen105
\Fld@charsize=\dimen106
Package hyperref Info: Hyper figures OFF on input line 6411.
Package hyperref Info: Link nesting OFF on input line 6416.
Package hyperref Info: Hyper index ON on input line 6419.
Package hyperref Info: backreferencing OFF on input line 6426.
Package hyperref Info: Link coloring OFF on input line 6431.
Package hyperref Info: Link coloring with OCG OFF on input line 6436.
Package hyperref Info: PDF/A mode OFF on input line 6441.
LaTeX Info: Redefining \ref on input line 6481.
LaTeX Info: Redefining \pageref on input line 6485.
\Hy@abspage=\count93
\c@Item=\count94
\c@Hfootnote=\count95
)
Package hyperref Info: Driver (autodetected): hpdftex.

(c:/texlive/2019/texmf-dist/tex/latex/hyperref/hpdftex.def
File: hpdftex.def 2019/09/12 v6.88i Hyperref driver for pdfTeX
\Fld@listcount=\count96
\c@bookmark@seq@number=\count97

(c:/texlive/2019/texmf-dist/tex/latex/oberdiek/rerunfilecheck.sty
Package: rerunfilecheck 2016/05/16 v1.8 Rerun checks for auxiliary files (HO)
Package uniquecounter Info: New unique counter `rerunfilecheck' on input line 2
82.
)
\Hy@SectionHShift=\skip43
)
(c:/texlive/2019/texmf-dist/tex/generic/babel/babel.sty
Package: babel 2019/07/19 3.33 The Babel package

(c:/texlive/2019/texmf-dist/tex/generic/babel/switch.def
File: switch.def 2019/07/19 3.33 Babel switching mechanism
)
(c:/texlive/2019/texmf-dist/tex/generic/babel-italian/italian.ldf
Language: italian 2019/01/05 v.1.4.01 Italian support for the babel system

(c:/texlive/2019/texmf-dist/tex/generic/babel/babel.def
File: babel.def 2019/07/19 3.33 Babel common definitions
\babel@savecnt=\count98
\U@D=\dimen107

(c:/texlive/2019/texmf-dist/tex/generic/babel/txtbabel.def)
\bbl@dirlevel=\count99
)
\it@lettering=\count100
\it@doublequoteactive=\count101
\it@ISOcompliance=\count102
))
(c:/texlive/2019/texmf-dist/tex/latex/etoolbox/etoolbox.sty
Package: etoolbox 2019/09/09 v2.5g e-TeX tools for LaTeX (JAW)
\etb@tempcnta=\count103
)
(c:/texlive/2019/texmf-dist/tex/latex/tools/multicol.sty
Package: multicol 2018/12/27 v1.8v multicolumn formatting (FMi)
\c@tracingmulticols=\count104
\mult@box=\box27
\multicol@leftmargin=\dimen108
\c@unbalance=\count105
\c@collectmore=\count106
\doublecol@number=\count107
\multicoltolerance=\count108
\multicolpretolerance=\count109
\full@width=\dimen109
\page@free=\dimen110
\premulticols=\dimen111
\postmulticols=\dimen112
\multicolsep=\skip44
\multicolbaselineskip=\skip45
\partial@page=\box28
\last@line=\box29
\maxbalancingoverflow=\dimen113
\mult@rightbox=\box30
\mult@grightbox=\box31
\mult@gfirstbox=\box32
\mult@firstbox=\box33
\@tempa=\box34
\@tempa=\box35
\@tempa=\box36
\@tempa=\box37
\@tempa=\box38
\@tempa=\box39
\@tempa=\box40
\@tempa=\box41
\@tempa=\box42
\@tempa=\box43
\@tempa=\box44
\@tempa=\box45
\@tempa=\box46
\@tempa=\box47
\@tempa=\box48
\@tempa=\box49
\@tempa=\box50
\c@columnbadness=\count110
\c@finalcolumnbadness=\count111
\last@try=\dimen114
\multicolovershoot=\dimen115
\multicolundershoot=\dimen116
\mult@nat@firstbox=\box51
\colbreak@box=\box52
\mc@col@check@num=\count112
)
(c:/texlive/2019/texmf-dist/tex/latex/geometry/geometry.sty
Package: geometry 2018/04/16 v5.8 Page Geometry
\Gm@cnth=\count113
\Gm@cntv=\count114
\c@Gm@tempcnt=\count115
\Gm@bindingoffset=\dimen117
\Gm@wd@mp=\dimen118
\Gm@odd@mp=\dimen119
\Gm@even@mp=\dimen120
\Gm@layoutwidth=\dimen121
\Gm@layoutheight=\dimen122
\Gm@layouthoffset=\dimen123
\Gm@layoutvoffset=\dimen124
\Gm@dimlist=\toks17
)
(c:/texlive/2019/texmf-dist/tex/latex/tools/array.sty
Package: array 2018/12/30 v2.4k Tabular extension package (FMi)
\col@sep=\dimen125
\ar@mcellbox=\box53
\extrarowheight=\dimen126
\NC@list=\toks18
\extratabsurround=\skip46
\backup@length=\skip47
\ar@cellbox=\box54
)
(c:/texlive/2019/texmf-dist/tex/latex/graphics/graphicx.sty
Package: graphicx 2017/06/01 v1.1a Enhanced LaTeX Graphics (DPC,SPQR)

(c:/texlive/2019/texmf-dist/tex/latex/graphics/graphics.sty
Package: graphics 2017/06/25 v1.2c Standard LaTeX Graphics (DPC,SPQR)

(c:/texlive/2019/texmf-dist/tex/latex/graphics/trig.sty
Package: trig 2016/01/03 v1.10 sin cos tan (DPC)
)
(c:/texlive/2019/texmf-dist/tex/latex/graphics-cfg/graphics.cfg
File: graphics.cfg 2016/06/04 v1.11 sample graphics configuration
)
Package graphics Info: Driver file: pdftex.def on input line 99.

(c:/texlive/2019/texmf-dist/tex/latex/graphics-def/pdftex.def
File: pdftex.def 2018/01/08 v1.0l Graphics/color driver for pdftex
))
\Gin@req@height=\dimen127
\Gin@req@width=\dimen128
) (./PI.aux)
\openout1 = `PI.aux'.

LaTeX Font Info:    Checking defaults for OML/cmm/m/it on input line 13.
LaTeX Font Info:    ... okay on input line 13.
LaTeX Font Info:    Checking defaults for T1/cmr/m/n on input line 13.
LaTeX Font Info:    ... okay on input line 13.
LaTeX Font Info:    Checking defaults for OT1/cmr/m/n on input line 13.
LaTeX Font Info:    ... okay on input line 13.
LaTeX Font Info:    Checking defaults for OMS/cmsy/m/n on input line 13.
LaTeX Font Info:    ... okay on input line 13.
LaTeX Font Info:    Checking defaults for OMX/cmex/m/n on input line 13.
LaTeX Font Info:    ... okay on input line 13.
LaTeX Font Info:    Checking defaults for U/cmr/m/n on input line 13.
LaTeX Font Info:    ... okay on input line 13.
LaTeX Font Info:    Checking defaults for PD1/pdf/m/n on input line 13.
LaTeX Font Info:    ... okay on input line 13.
LaTeX Font Info:    Try loading font information for T1+lmr on input line 13.

(c:/texlive/2019/texmf-dist/tex/latex/lm/t1lmr.fd
File: t1lmr.fd 2009/10/30 v1.6 Font defs for Latin Modern
)
\AtBeginShipoutBox=\box55
Package hyperref Info: Link coloring OFF on input line 13.

(c:/texlive/2019/texmf-dist/tex/latex/hyperref/nameref.sty
Package: nameref 2019/09/12 v2.45 Cross-referencing by name of section

(c:/texlive/2019/texmf-dist/tex/generic/oberdiek/gettitlestring.sty
Package: gettitlestring 2016/05/16 v1.5 Cleanup title references (HO)
)
\c@section@level=\count116
)
LaTeX Info: Redefining \ref on input line 13.
LaTeX Info: Redefining \pageref on input line 13.
LaTeX Info: Redefining \nameref on input line 13.
 (./PI.out) (./PI.out)
\@outlinefile=\write3
\openout3 = `PI.out'.

LaTeX Info: Redefining \it@ocap on input line 13.
LaTeX Info: Redefining \it@ccap on input line 13.

*geometry* driver: auto-detecting
*geometry* detected driver: pdftex
*geometry* verbose mode - [ preamble ] result:
* driver: pdftex
* paper: a4paper
* layout: <same size as paper>
* layoutoffset:(h,v)=(0.0pt,0.0pt)
* modes: 
* h-part:(L,W,R)=(42.67914pt, 512.1496pt, 42.67914pt)
* v-part:(T,H,B)=(53.49118pt, 711.3189pt, 80.23677pt)
* \paperwidth=597.50787pt
* \paperheight=845.04684pt
* \textwidth=512.1496pt
* \textheight=711.3189pt
* \oddsidemargin=-29.59085pt
* \evensidemargin=-29.59085pt
* \topmargin=-55.77881pt
* \headheight=12.0pt
* \headsep=25.0pt
* \topskip=10.0pt
* \footskip=30.0pt
* \marginparwidth=65.0pt
* \marginparsep=11.0pt
* \columnsep=10.0pt
* \skip\footins=9.0pt plus 4.0pt minus 2.0pt
* \hoffset=0.0pt
* \voffset=0.0pt
* \mag=1000
* \@twocolumnfalse
* \@twosidefalse
* \@mparswitchfalse
* \@reversemarginfalse
* (1in=72.27pt=25.4mm, 1cm=28.453pt)

(c:/texlive/2019/texmf-dist/tex/context/base/mkii/supp-pdf.mkii
[Loading MPS to PDF converter (version 2006.09.02).]
\scratchcounter=\count117
\scratchdimen=\dimen129
\scratchbox=\box56
\nofMPsegments=\count118
\nofMParguments=\count119
\everyMPshowfont=\toks19
\MPscratchCnt=\count120
\MPscratchDim=\dimen130
\MPnumerator=\count121
\makeMPintoPDFobject=\count122
\everyMPtoPDFconversion=\toks20
) (c:/texlive/2019/texmf-dist/tex/latex/oberdiek/epstopdf-base.sty
Package: epstopdf-base 2016/05/15 v2.6 Base part for package epstopdf

(c:/texlive/2019/texmf-dist/tex/latex/oberdiek/grfext.sty
Package: grfext 2016/05/16 v1.2 Manage graphics extensions (HO)
)
Package epstopdf-base Info: Redefining graphics rule for `.eps' on input line 4
38.
Package grfext Info: Graphics extension search list:
(grfext)             [.pdf,.png,.jpg,.mps,.jpeg,.jbig2,.jb2,.PDF,.PNG,.JPG,.JPE
G,.JBIG2,.JB2,.eps]
(grfext)             \AppendGraphicsExtensions on input line 456.

(c:/texlive/2019/texmf-dist/tex/latex/latexconfig/epstopdf-sys.cfg
File: epstopdf-sys.cfg 2010/07/13 v1.3 Configuration of (r)epstopdf for TeX Liv
e
))
LaTeX Font Info:    Try loading font information for OT1+lmr on input line 20.

(c:/texlive/2019/texmf-dist/tex/latex/lm/ot1lmr.fd
File: ot1lmr.fd 2009/10/30 v1.6 Font defs for Latin Modern
)
LaTeX Font Info:    Try loading font information for OML+lmm on input line 20.

(c:/texlive/2019/texmf-dist/tex/latex/lm/omllmm.fd
File: omllmm.fd 2009/10/30 v1.6 Font defs for Latin Modern
)
LaTeX Font Info:    Try loading font information for OMS+lmsy on input line 20.


(c:/texlive/2019/texmf-dist/tex/latex/lm/omslmsy.fd
File: omslmsy.fd 2009/10/30 v1.6 Font defs for Latin Modern
)
LaTeX Font Info:    Try loading font information for OMX+lmex on input line 20.


(c:/texlive/2019/texmf-dist/tex/latex/lm/omxlmex.fd
File: omxlmex.fd 2009/10/30 v1.6 Font defs for Latin Modern
)
LaTeX Font Info:    External font `lmex10' loaded for size
(Font)              <12> on input line 20.
LaTeX Font Info:    External font `lmex10' loaded for size
(Font)              <8> on input line 20.
LaTeX Font Info:    External font `lmex10' loaded for size
(Font)              <6> on input line 20.
 (./PI.toc
LaTeX Font Info:    External font `lmex10' loaded for size
(Font)              <10> on input line 8.
LaTeX Font Info:    External font `lmex10' loaded for size
(Font)              <7> on input line 8.
LaTeX Font Info:    External font `lmex10' loaded for size
(Font)              <5> on input line 8.
 [1

{c:/texlive/2019/texmf-var/fonts/map/pdftex/updmap/pdftex.map}]
Underfull \hbox (badness 5431) in paragraph at lines 239--239
 [] [][]\T1/lmr/bx/n/10 Diego Co-lom-bo, No-te-books Hands on 
 []

)
\tf@toc=\write4
\openout4 = `PI.toc'.

 [2]
Underfull \hbox (badness 10000) in paragraph at lines 25--27

 []

[3]
Underfull \hbox (badness 10000) in paragraph at lines 50--51

 []


Underfull \hbox (badness 10000) in paragraph at lines 51--52

 []


Underfull \hbox (badness 10000) in paragraph at lines 59--62

 []


Underfull \hbox (badness 10000) in paragraph at lines 64--65

 []

[4]
<./img/fornelli.png, id=614, 637.38126pt x 245.91875pt>
File: ./img/fornelli.png Graphic file (type png)
<use ./img/fornelli.png>
Package pdftex.def Info: ./img/fornelli.png  used on input line 93.
(pdftex.def)             Requested size: 318.68985pt x 122.95906pt.
 [5]

Package hyperref Warning: Difference (2) between bookmark levels is greater 
(hyperref)                than one, level fixed on input line 96.


Underfull \hbox (badness 10000) in paragraph at lines 98--106

 []


Underfull \hbox (badness 10000) in paragraph at lines 98--106

 []

LaTeX Font Info:    Try loading font information for T1+lmtt on input line 107.

(c:/texlive/2019/texmf-dist/tex/latex/lm/t1lmtt.fd
File: t1lmtt.fd 2009/10/30 v1.6 Font defs for Latin Modern
)
Underfull \hbox (badness 10000) in paragraph at lines 108--109

 []


Underfull \hbox (badness 10000) in paragraph at lines 109--114

 []

[6 <./img/fornelli.png>]
Underfull \hbox (badness 10000) in paragraph at lines 114--118

 []


Underfull \hbox (badness 10000) in paragraph at lines 143--145

 []

[7]
Underfull \hbox (badness 10000) in paragraph at lines 165--171

 []

[8]
Underfull \hbox (badness 10000) in paragraph at lines 173--177

 []

[9]
Underfull \hbox (badness 10000) in paragraph at lines 196--199

 []


Underfull \hbox (badness 10000) in paragraph at lines 208--211

 []

[10] [11] [12]
Underfull \hbox (badness 10000) in paragraph at lines 239--241

 []

<./img/interuttori.png, id=697, 281.05pt x 352.31625pt>
File: ./img/interuttori.png Graphic file (type png)
<use ./img/interuttori.png>
Package pdftex.def Info: ./img/interuttori.png  used on input line 241.
(pdftex.def)             Requested size: 210.78697pt x 264.23653pt.

Underfull \hbox (badness 10000) in paragraph at lines 247--251

 []


Underfull \hbox (badness 10000) in paragraph at lines 256--258

 []

[13 <./img/interuttori.png>]
Underfull \hbox (badness 10000) in paragraph at lines 264--267

 []

<./img/golfi.png, id=711, 406.51875pt x 388.45125pt>
File: ./img/golfi.png Graphic file (type png)
<use ./img/golfi.png>
Package pdftex.def Info: ./img/golfi.png  used on input line 274.
(pdftex.def)             Requested size: 243.91312pt x 233.07254pt.

Overfull \hbox (7.83832pt too wide) in paragraph at lines 274--276
[][]
 []

[14 <./img/golfi.png>]
<./img/settestatiazione.png, id=722, 545.03625pt x 528.97626pt>
File: ./img/settestatiazione.png Graphic file (type png)
<use ./img/settestatiazione.png>
Package pdftex.def Info: ./img/settestatiazione.png  used on input line 307.
(pdftex.def)             Requested size: 245.26405pt x 238.03711pt.

Overfull \hbox (9.18925pt too wide) in paragraph at lines 307--308
[][] 
 []

[15 <./img/settestatiazione.png>]
<./img/treprocessing.png, id=730, 460.72125pt x 446.66875pt>
File: ./img/treprocessing.png Graphic file (type png)
<use ./img/treprocessing.png>
Package pdftex.def Info: ./img/treprocessing.png  used on input line 318.
(pdftex.def)             Requested size: 230.36006pt x 223.33382pt.
<./img/setteprincipi.png, id=731, 683.55376pt x 673.51625pt>
File: ./img/setteprincipi.png Graphic file (type png)
<use ./img/setteprincipi.png>
Package pdftex.def Info: ./img/setteprincipi.png  used on input line 329.
(pdftex.def)             Requested size: 235.8263pt x 232.36336pt.
 [16 <./img/treprocessing.png> <./img/setteprincipi.png>]
Underfull \hbox (badness 10000) in paragraph at lines 346--348

 []


Underfull \hbox (badness 10000) in paragraph at lines 358--359

 []


Underfull \hbox (badness 10000) in paragraph at lines 361--362

 []

[17]
Underfull \hbox (badness 10000) in paragraph at lines 386--388

 []

[18] [19] [20]
Underfull \hbox (badness 10000) in paragraph at lines 467--471

 []

[21] [22]
Underfull \hbox (badness 10000) in paragraph at lines 526--529

 []


Underfull \hbox (badness 10000) in paragraph at lines 526--529

 []


Underfull \hbox (badness 10000) in paragraph at lines 542--545

 []

[23] [24]
<./img/swisscheesmodel.png, id=848, 201.75375pt x 132.495pt>
File: ./img/swisscheesmodel.png Graphic file (type png)
<use ./img/swisscheesmodel.png>
Package pdftex.def Info: ./img/swisscheesmodel.png  used on input line 607.
(pdftex.def)             Requested size: 201.75325pt x 132.49466pt.

Underfull \hbox (badness 10000) in paragraph at lines 605--608
\T1/lmr/m/n/10 Questo è ciò che Ja-mes Rea-son ha de-
 []


Underfull \hbox (badness 10000) in paragraph at lines 605--608
\T1/lmr/m/n/10 fi-ni-to "\T1/lmr/m/it/10 Mo-del-lo de-gli in-ci-den-ti a gro-vi
e-ra\T1/lmr/m/n/10 ".
 []

[25 <./img/swisscheesmodel.png>]
Underfull \hbox (badness 10000) in paragraph at lines 613--615

 []


Underfull \hbox (badness 10000) in paragraph at lines 613--615

 []


Underfull \hbox (badness 10000) in paragraph at lines 617--623

 []

[26]
Underfull \hbox (badness 10000) in paragraph at lines 678--684

 []

[27]
Underfull \hbox (badness 10000) in paragraph at lines 687--689

 []


Underfull \hbox (badness 10000) in paragraph at lines 699--702

 []

[28]
Underfull \hbox (badness 10000) in paragraph at lines 713--717

 []


Underfull \hbox (badness 10000) in paragraph at lines 736--739

 []

[29]
<./img/nielsen.png, id=885, 475.02469pt x 323.70938pt>
File: ./img/nielsen.png Graphic file (type png)
<use ./img/nielsen.png>
Package pdftex.def Info: ./img/nielsen.png  used on input line 755.
(pdftex.def)             Requested size: 332.515pt x 226.59502pt.
 [30 <./img/nielsen.png>] [31]
Underfull \hbox (badness 10000) in paragraph at lines 801--805

 []

<./img/pretotype.png, id=907, 523.9575pt x 143.03438pt>
File: ./img/pretotype.png Graphic file (type png)
<use ./img/pretotype.png>
Package pdftex.def Info: ./img/pretotype.png  used on input line 808.
(pdftex.def)             Requested size: 523.95622pt x 143.03401pt.

Overfull \hbox (11.80663pt too wide) in paragraph at lines 808--809
 [] 
 []

[32 <./img/pretotype.png>] [33]
Underfull \hbox (badness 10000) in paragraph at lines 847--850

 []

<./img/rivind.png, id=933, 575.90157pt x 304.88907pt>
File: ./img/rivind.png Graphic file (type png)
<use ./img/rivind.png>
Package pdftex.def Info: ./img/rivind.png  used on input line 851.
(pdftex.def)             Requested size: 403.12834pt x 213.42088pt.
[34 <./img/rivind.png>]
<./img/gartner2018.png, id=940, 1445.4pt x 1222.5675pt>
File: ./img/gartner2018.png Graphic file (type png)
<use ./img/gartner2018.png>
Package pdftex.def Info: ./img/gartner2018.png  used on input line 870.
(pdftex.def)             Requested size: 317.98898pt x 268.96568pt.
 [35 <./img/gartner2018.png>]
Underfull \hbox (badness 10000) in paragraph at lines 883--888

 []


Underfull \hbox (badness 10000) in paragraph at lines 883--888

 []


Underfull \hbox (badness 10000) in paragraph at lines 889--892

 []


Underfull \hbox (badness 10000) in paragraph at lines 889--892

 []

[36] [37]
<./img/iotuxflow.png, id=973, 308.65312pt x 350.05782pt>
File: ./img/iotuxflow.png Graphic file (type png)
<use ./img/iotuxflow.png>
Package pdftex.def Info: ./img/iotuxflow.png  used on input line 913.
(pdftex.def)             Requested size: 308.65236pt x 350.05695pt.
 [38 <./img/iotuxflow.png>]
Underfull \hbox (badness 10000) in paragraph at lines 918--924

 []

[39]
Underfull \hbox (badness 10000) in paragraph at lines 927--941

 []


Underfull \hbox (badness 10000) in paragraph at lines 927--941

 []

[40]
Underfull \hbox (badness 10000) in paragraph at lines 942--947

 []


Underfull \hbox (badness 10000) in paragraph at lines 954--957

 []


Underfull \hbox (badness 10000) in paragraph at lines 979--987

 []

[41] [42]
Overfull \hbox (31.8125pt too wide) in paragraph at lines 1008--1009
\T1/lmr/m/n/10 Framework re-cen-te, si-ste-ma in cui svi-lup-pa-re ap-pli-ca-zi
o-ni mo-bi-le e web na-ti-ve par-ten-do da uni-ca ba-se. \T1/lmtt/m/n/10 flutte
rbyexample.com 
 []

<./img/flutter.png, id=1009, 538.26094pt x 331.2375pt>
File: ./img/flutter.png Graphic file (type png)
<use ./img/flutter.png>
Package pdftex.def Info: ./img/flutter.png  used on input line 1010.
(pdftex.def)             Requested size: 538.25963pt x 331.23668pt.

Overfull \hbox (26.11003pt too wide) in paragraph at lines 1010--1011
 [] 
 []

[43 <./img/flutter.png>] [44] [45]
Package atveryend Info: Empty hook `BeforeClearDocument' on input line 1059.
 [46]
Package atveryend Info: Empty hook `AfterLastShipout' on input line 1059.
 (./PI.aux)
Package atveryend Info: Executing hook `AtVeryEndDocument' on input line 1059.
Package atveryend Info: Executing hook `AtEndAfterFileList' on input line 1059.



Package rerunfilecheck Warning: File `PI.out' has changed.
(rerunfilecheck)                Rerun to get outlines right
(rerunfilecheck)                or use package `bookmark'.

Package rerunfilecheck Info: Checksums for `PI.out':
(rerunfilecheck)             Before: 3F1AEA1D65A2B08AEAA86D711F6F0193;8010
(rerunfilecheck)             After:  B5278CB65F83953A3AEA4DEEC827D4DA;8011.
Package atveryend Info: Empty hook `AtVeryVeryEnd' on input line 1059.
 ) 
Here is how much of TeX's memory you used:
 7453 strings out of 492609
 107744 string characters out of 6132818
 225334 words of memory out of 5000000
 10884 multiletter control sequences out of 15000+600000
 62047 words of font info for 46 fonts, out of 8000000 for 9000
 1141 hyphenation exceptions out of 8191
 28i,8n,31p,904b,571s stack positions out of 5000i,500n,10000p,200000b,80000s
pdfTeX warning (dest): name{section.26} has been referenced but does not exis
t, replaced by a fixed one

pdfTeX warning (dest): name{subsection.25.1} has been referenced but does not e
xist, replaced by a fixed one

pdfTeX warning (dest): name{subsection.23.6} has been referenced but does not e
xist, replaced by a fixed one

pdfTeX warning (dest): name{subsection.23.5} has been referenced but does not e
xist, replaced by a fixed one

pdfTeX warning (dest): name{subsection.23.4} has been referenced but does not e
xist, replaced by a fixed one

pdfTeX warning (dest): name{subsection.23.3} has been referenced but does not e
xist, replaced by a fixed one

pdfTeX warning (dest): name{subsection.23.2} has been referenced but does not e
xist, replaced by a fixed one

pdfTeX warning (dest): name{subsection.23.1} has been referenced but does not e
xist, replaced by a fixed one

pdfTeX warning (dest): name{subsection.20.5} has been referenced but does not e
xist, replaced by a fixed one

pdfTeX warning (dest): name{subsection.20.4} has been referenced but does not e
xist, replaced by a fixed one

pdfTeX warning (dest): name{subsection.20.3} has been referenced but does not e
xist, replaced by a fixed one

pdfTeX warning (dest): name{subsection.20.2} has been referenced but does not e
xist, replaced by a fixed one

pdfTeX warning (dest): name{subsection.20.1} has been referenced but does not e
xist, replaced by a fixed one

pdfTeX warning (dest): name{subsection.18.8} has been referenced but does not e
xist, replaced by a fixed one

pdfTeX warning (dest): name{subsection.18.7} has been referenced but does not e
xist, replaced by a fixed one

pdfTeX warning (dest): name{subsection.18.6} has been referenced but does not e
xist, replaced by a fixed one

pdfTeX warning (dest): name{subsection.18.5} has been referenced but does not e
xist, replaced by a fixed one

pdfTeX warning (dest): name{subsection.18.4} has been referenced but does not e
xist, replaced by a fixed one

pdfTeX warning (dest): name{subsection.16.5} has been referenced but does not e
xist, replaced by a fixed one

pdfTeX warning (dest): name{subsection.16.4} has been referenced but does not e
xist, replaced by a fixed one

pdfTeX warning (dest): name{subsection.16.3} has been referenced but does not e
xist, replaced by a fixed one

pdfTeX warning (dest): name{subsubsection.15.6.1} has been referenced but does 
not exist, replaced by a fixed one

pdfTeX warning (dest): name{subsection.15.6} has been referenced but does not e
xist, replaced by a fixed one

pdfTeX warning (dest): name{subsubsection.15.4.2} has been referenced but does 
not exist, replaced by a fixed one

pdfTeX warning (dest): name{subsubsection.15.4.1} has been referenced but does 
not exist, replaced by a fixed one

pdfTeX warning (dest): name{subsubsection.14.6.3} has been referenced but does 
not exist, replaced by a fixed one

pdfTeX warning (dest): name{subsubsection.14.6.2} has been referenced but does 
not exist, replaced by a fixed one

pdfTeX warning (dest): name{subsubsection.14.5.3} has been referenced but does 
not exist, replaced by a fixed one

pdfTeX warning (dest): name{subsubsection.14.5.2} has been referenced but does 
not exist, replaced by a fixed one

pdfTeX warning (dest): name{subsubsection.14.5.1} has been referenced but does 
not exist, replaced by a fixed one

pdfTeX warning (dest): name{subsubsection.14.3.1} has been referenced but does 
not exist, replaced by a fixed one

pdfTeX warning (dest): name{subsubsection.14.2.2} has been referenced but does 
not exist, replaced by a fixed one

pdfTeX warning (dest): name{subsubsection.14.2.1} has been referenced but does 
not exist, replaced by a fixed one

pdfTeX warning (dest): name{subsubsection.13.1.4} has been referenced but does 
not exist, replaced by a fixed one

pdfTeX warning (dest): name{subsubsection.13.1.3} has been referenced but does 
not exist, replaced by a fixed one

pdfTeX warning (dest): name{subsubsection.13.1.2} has been referenced but does 
not exist, replaced by a fixed one

pdfTeX warning (dest): name{subsubsection.13.1.1} has been referenced but does 
not exist, replaced by a fixed one

pdfTeX warning (dest): name{subsection.12.4} has been referenced but does not e
xist, replaced by a fixed one

pdfTeX warning (dest): name{subsection.12.3} has been referenced but does not e
xist, replaced by a fixed one

pdfTeX warning (dest): name{subsection.12.2} has been referenced but does not e
xist, replaced by a fixed one

pdfTeX warning (dest): name{subsubsection.11.2.1} has been referenced but does 
not exist, replaced by a fixed one

pdfTeX warning (dest): name{subsection.10.3} has been referenced but does not e
xist, replaced by a fixed one

pdfTeX warning (dest): name{subsubsection.10.2.3} has been referenced but does 
not exist, replaced by a fixed one

pdfTeX warning (dest): name{subsubsection.10.2.2} has been referenced but does 
not exist, replaced by a fixed one

pdfTeX warning (dest): name{subsubsection.8.1.6} has been referenced but does n
ot exist, replaced by a fixed one

pdfTeX warning (dest): name{subsubsection.8.1.5} has been referenced but does n
ot exist, replaced by a fixed one

pdfTeX warning (dest): name{subsubsection.8.1.4} has been referenced but does n
ot exist, replaced by a fixed one

pdfTeX warning (dest): name{subsubsection.8.1.3} has been referenced but does n
ot exist, replaced by a fixed one

pdfTeX warning (dest): name{subsubsection.8.1.2} has been referenced but does n
ot exist, replaced by a fixed one

pdfTeX warning (dest): name{subsubsection.8.1.1} has been referenced but does n
ot exist, replaced by a fixed one

pdfTeX warning (dest): name{subsubsection.5.0.1} has been referenced but does n
ot exist, replaced by a fixed one

pdfTeX warning (dest): name{subsection.3.2} has been referenced but does not ex
ist, replaced by a fixed one

pdfTeX warning (dest): name{subsubsection.3.1.2} has been referenced but does n
ot exist, replaced by a fixed one

pdfTeX warning (dest): name{subsubsection.3.1.1} has been referenced but does n
ot exist, replaced by a fixed one

pdfTeX warning (dest): name{subsection.3.1} has been referenced but does not ex
ist, replaced by a fixed one

{c:/texlive/2019/texmf-dist/fonts/enc/dvips/lm/lm-ec.enc}{c:/texlive/2019/texmf
-dist/fonts/enc/dvips/lm/lm-rm.enc}{c:/texlive/2019/texmf-dist/fonts/enc/dvips/
lm/lm-mathsy.enc}<c:/texlive/2019/texmf-dist/fonts/type1/public/lm/lmbx10.pfb><
c:/texlive/2019/texmf-dist/fonts/type1/public/lm/lmbx12.pfb><c:/texlive/2019/te
xmf-dist/fonts/type1/public/lm/lmbx7.pfb><c:/texlive/2019/texmf-dist/fonts/type
1/public/lm/lmbxi10.pfb><c:/texlive/2019/texmf-dist/fonts/type1/public/lm/lmr10
.pfb><c:/texlive/2019/texmf-dist/fonts/type1/public/lm/lmr12.pfb><c:/texlive/20
19/texmf-dist/fonts/type1/public/lm/lmr17.pfb><c:/texlive/2019/texmf-dist/fonts
/type1/public/lm/lmr7.pfb><c:/texlive/2019/texmf-dist/fonts/type1/public/lm/lmr
i10.pfb><c:/texlive/2019/texmf-dist/fonts/type1/public/lm/lmsy10.pfb><c:/texliv
e/2019/texmf-dist/fonts/type1/public/lm/lmtt10.pfb>
Output written on PI.pdf (46 pages, 1977189 bytes).
PDF statistics:
 1164 PDF objects out of 1200 (max. 8388607)
 1068 compressed objects within 11 object streams
 385 named destinations out of 1000 (max. 500000)
 970 words of extra memory for PDF output out of 10000 (max. 10000000)

