\BOOKMARK [1][-]{section.1}{Introduzione}{}% 1
\BOOKMARK [2][-]{subsection.1.1}{Il Corso}{section.1}% 2
\BOOKMARK [1][-]{section.2}{Design}{}% 3
\BOOKMARK [2][-]{subsection.2.1}{XX Designer}{section.2}% 4
\BOOKMARK [3][-]{subsubsection.2.1.1}{UX Designer}{subsection.2.1}% 5
\BOOKMARK [3][-]{subsubsection.2.1.2}{UI Designer}{subsection.2.1}% 6
\BOOKMARK [2][-]{subsection.2.2}{Front-End Developer}{section.2}% 7
\BOOKMARK [1][-]{section.3}{Interfacce Utente}{}% 8
\BOOKMARK [1][-]{section.4}{Good and Bad Design}{}% 9
\BOOKMARK [2][-]{subsubsection.4.0.1}{Design of Useful Things}{section.4}% 10
\BOOKMARK [1][-]{section.5}{Human Centered Design}{}% 11
\BOOKMARK [1][-]{section.6}{Design Thinking vs HCD}{}% 12
\BOOKMARK [1][-]{section.7}{Principi Fondamentali dell'Interazione}{}% 13
\BOOKMARK [2][-]{subsection.7.1}{Sei Fondamenti}{section.7}% 14
\BOOKMARK [3][-]{subsubsection.7.1.1}{Affordance}{subsection.7.1}% 15
\BOOKMARK [3][-]{subsubsection.7.1.2}{Signifiers}{subsection.7.1}% 16
\BOOKMARK [3][-]{subsubsection.7.1.3}{Mapping}{subsection.7.1}% 17
\BOOKMARK [3][-]{subsubsection.7.1.4}{Feedback}{subsection.7.1}% 18
\BOOKMARK [3][-]{subsubsection.7.1.5}{Conceptual Model}{subsection.7.1}% 19
\BOOKMARK [3][-]{subsubsection.7.1.6}{System Image}{subsection.7.1}% 20
\BOOKMARK [1][-]{section.8}{Cambiare le convenzioni}{}% 21
\BOOKMARK [2][-]{subsection.8.1}{Rethinking OS}{section.8}% 22
\BOOKMARK [1][-]{section.9}{Constraints, Discoverability and Feedback}{}% 23
\BOOKMARK [2][-]{subsection.9.1}{Constraints}{section.9}% 24
\BOOKMARK [2][-]{subsection.9.2}{Forcing functions}{section.9}% 25
\BOOKMARK [3][-]{subsubsection.9.2.1}{Interlock}{subsection.9.2}% 26
\BOOKMARK [3][-]{subsubsection.9.2.2}{Lock-In}{subsection.9.2}% 27
\BOOKMARK [3][-]{subsubsection.9.2.3}{Lock-Out}{subsection.9.2}% 28
\BOOKMARK [2][-]{subsection.9.3}{Activity-Centered Controls}{section.9}% 29
\BOOKMARK [1][-]{section.10}{How People do Things}{}% 30
\BOOKMARK [2][-]{subsection.10.1}{I Golfi}{section.10}% 31
\BOOKMARK [2][-]{subsection.10.2}{Sette Stati dell'Azione}{section.10}% 32
\BOOKMARK [3][-]{subsubsection.10.2.1}{Tre livelli di Processing}{subsection.10.2}% 33
\BOOKMARK [1][-]{section.11}{Sette Principi Fondamentali della Progettazione}{}% 34
\BOOKMARK [2][-]{subsection.11.1}{Sette Domande}{section.11}% 35
\BOOKMARK [2][-]{subsection.11.2}{Feedforward e Feedback}{section.11}% 36
\BOOKMARK [2][-]{subsection.11.3}{Sette Principi}{section.11}% 37
\BOOKMARK [2][-]{subsection.11.4}{Opportunismo}{section.11}% 38
\BOOKMARK [1][-]{section.12}{Disruptive Innovation}{}% 39
\BOOKMARK [2][-]{subsection.12.1}{Root Cause Analysis}{section.12}% 40
\BOOKMARK [3][-]{subsubsection.12.1.1}{Why root cause analysis}{subsection.12.1}% 41
\BOOKMARK [3][-]{subsubsection.12.1.2}{Tipi di Task Analysis}{subsection.12.1}% 42
\BOOKMARK [3][-]{subsubsection.12.1.3}{Come fare la Task Analysis}{subsection.12.1}% 43
\BOOKMARK [3][-]{subsubsection.12.1.4}{Livello di dettaglio}{subsection.12.1}% 44
\BOOKMARK [1][-]{section.13}{Agile}{}% 45
\BOOKMARK [2][-]{subsection.13.1}{12 principi dell'agile}{section.13}% 46
\BOOKMARK [2][-]{subsection.13.2}{Personas}{section.13}% 47
\BOOKMARK [3][-]{subsubsection.13.2.1}{Scrivere le personas}{subsection.13.2}% 48
\BOOKMARK [3][-]{subsubsection.13.2.2}{Quante personas scrivere?}{subsection.13.2}% 49
\BOOKMARK [2][-]{subsection.13.3}{Requirements}{section.13}% 50
\BOOKMARK [3][-]{subsubsection.13.3.1}{Tipi di requirement}{subsection.13.3}% 51
\BOOKMARK [2][-]{subsection.13.4}{User Stories}{section.13}% 52
\BOOKMARK [3][-]{subsubsection.13.4.1}{Come scrivere le user stories}{subsection.13.4}% 53
\BOOKMARK [2][-]{subsection.13.5}{Scenarios}{section.13}% 54
\BOOKMARK [3][-]{subsubsection.13.5.1}{Cosa tenere in considerazione}{subsection.13.5}% 55
\BOOKMARK [3][-]{subsubsection.13.5.2}{Come scrivere uno scenario}{subsection.13.5}% 56
\BOOKMARK [3][-]{subsubsection.13.5.3}{Tre metodi}{subsection.13.5}% 57
\BOOKMARK [2][-]{subsection.13.6}{Use Cases}{section.13}% 58
\BOOKMARK [3][-]{subsubsection.13.6.1}{Elementi}{subsection.13.6}% 59
\BOOKMARK [3][-]{subsubsection.13.6.2}{Come scrivere uno use case}{subsection.13.6}% 60
\BOOKMARK [3][-]{subsubsection.13.6.3}{Takeaway}{subsection.13.6}% 61
\BOOKMARK [1][-]{section.14}{Human Error and Mitigation Strategies}{}% 62
\BOOKMARK [2][-]{subsection.14.1}{Root Cause Analysis}{section.14}% 63
\BOOKMARK [2][-]{subsection.14.2}{I 5 Perch\351}{section.14}% 64
\BOOKMARK [2][-]{subsection.14.3}{Attitudine delle persone verso gli errori}{section.14}% 65
\BOOKMARK [2][-]{subsection.14.4}{Errore}{section.14}% 66
\BOOKMARK [3][-]{subsubsection.14.4.1}{Lapsus e Errori cognitivi}{subsection.14.4}% 67
\BOOKMARK [3][-]{subsubsection.14.4.2}{Prevenzione dell'errore}{subsection.14.4}% 68
\BOOKMARK [2][-]{subsection.14.5}{Interruzioni}{section.14}% 69
\BOOKMARK [2][-]{subsection.14.6}{Feedback errati}{section.14}% 70
\BOOKMARK [3][-]{subsubsection.14.6.1}{Voce come feedback}{subsection.14.6}% 71
\BOOKMARK [1][-]{section.15}{Design lessons}{}% 72
\BOOKMARK [2][-]{subsection.15.1}{Aggiungere vincoli per bloccare gli errori}{section.15}% 73
\BOOKMARK [2][-]{subsection.15.2}{Undo}{section.15}% 74
\BOOKMARK [2][-]{subsection.15.3}{Messaggi d'errore e di conferma}{section.15}% 75
\BOOKMARK [2][-]{subsection.15.4}{Controlli di sensibilit\340}{section.15}% 76
\BOOKMARK [2][-]{subsection.15.5}{Ridurre i lapsus}{section.15}% 77
\BOOKMARK [1][-]{section.16}{Mitigare l'errore}{}% 78
\BOOKMARK [2][-]{subsection.16.1}{Principi di design per gestire l'errore}{section.16}% 79
\BOOKMARK [2][-]{subsection.16.2}{Principi chiave di design}{section.16}% 80
\BOOKMARK [1][-]{section.17}{Pretotyping}{}% 81
\BOOKMARK [2][-]{subsection.17.1}{Thoughtland}{section.17}% 82
\BOOKMARK [2][-]{subsection.17.2}{Falsi Positivi}{section.17}% 83
\BOOKMARK [2][-]{subsection.17.3}{Falsi Negativi}{section.17}% 84
\BOOKMARK [2][-]{subsection.17.4}{Thought Without Data Are Just Opinions}{section.17}% 85
\BOOKMARK [2][-]{subsection.17.5}{Pretotyping Manfesto}{section.17}% 86
\BOOKMARK [2][-]{subsection.17.6}{Pretotype}{section.17}% 87
\BOOKMARK [2][-]{subsection.17.7}{I Sette Pilastri del Pretotyping}{section.17}% 88
\BOOKMARK [2][-]{subsection.17.8}{Flusso del Pretotyping}{section.17}% 89
\BOOKMARK [1][-]{section.18}{UX for Connected Devices}{}% 90
\BOOKMARK [2][-]{subsection.18.1}{Internet of Things}{section.18}% 91
\BOOKMARK [2][-]{subsection.18.2}{Industria 4.0}{section.18}% 92
\BOOKMARK [2][-]{subsection.18.3}{Digital Twin}{section.18}% 93
\BOOKMARK [1][-]{section.19}{Ubiquitous Technology e Big Data}{}% 94
\BOOKMARK [2][-]{subsection.19.1}{Dispositivi Smart}{section.19}% 95
\BOOKMARK [2][-]{subsection.19.2}{Perch\351 UX per IoT \350 diversa?}{section.19}% 96
\BOOKMARK [2][-]{subsection.19.3}{Sensori e attuatori}{section.19}% 97
\BOOKMARK [2][-]{subsection.19.4}{Contesto di utilizzo}{section.19}% 98
\BOOKMARK [2][-]{subsection.19.5}{Diversi livelli di sviluppo della UX}{section.19}% 99
\BOOKMARK [1][-]{section.20}{Alberto Betella, Moonshots and Disruptive Innovation}{}% 100
\BOOKMARK [1][-]{section.21}{Fabio Viola, Gamification}{}% 101
\BOOKMARK [2][-]{subsection.21.1}{Gamification}{section.21}% 102
\BOOKMARK [1][-]{section.22}{Vincenzo Gervasi, Sottosistema Grafico}{}% 103
\BOOKMARK [2][-]{subsection.22.1}{sottosistema grafico}{section.22}% 104
\BOOKMARK [2][-]{subsection.22.2}{modelli}{section.22}% 105
\BOOKMARK [2][-]{subsection.22.3}{event loop}{section.22}% 106
\BOOKMARK [2][-]{subsection.22.4}{Il file che descrive l'interfaccia utente}{section.22}% 107
\BOOKMARK [2][-]{subsection.22.5}{DOM}{section.22}% 108
\BOOKMARK [2][-]{subsection.22.6}{Flutter}{section.22}% 109
\BOOKMARK [1][-]{section.23}{Antonio Cisternino, Realizzazione di una GUI}{}% 110
\BOOKMARK [1][-]{section.24}{Nicola Melluso, Natural Language User Interfaces}{}% 111
\BOOKMARK [2][-]{subsection.24.1}{Speech recognition e natural language understanding}{section.24}% 112
\BOOKMARK [1][-]{section.25}{Diego Colombo, Notebooks Hands on Session}{}% 113
