\BOOKMARK [1][-]{section.1}{Introduzione}{}% 1
\BOOKMARK [1][-]{section.2}{Rete}{}% 2
\BOOKMARK [2][-]{subsection.2.1}{Tipi di Rete}{section.2}% 3
\BOOKMARK [2][-]{subsection.2.2}{Internetwork}{section.2}% 4
\BOOKMARK [2][-]{subsection.2.3}{Switching}{section.2}% 5
\BOOKMARK [1][-]{section.3}{Internet}{}% 6
\BOOKMARK [2][-]{subsection.3.1}{Enti Ufficiali}{section.3}% 7
\BOOKMARK [2][-]{subsection.3.2}{Reti di accesso}{section.3}% 8
\BOOKMARK [1][-]{section.4}{Metriche di Riferimento}{}% 9
\BOOKMARK [1][-]{section.5}{Modelli Stratificati}{}% 10
\BOOKMARK [2][-]{subsection.5.1}{Perch\351 stratificare}{section.5}% 11
\BOOKMARK [2][-]{subsection.5.2}{Smistamento Intermedio}{section.5}% 12
\BOOKMARK [2][-]{subsection.5.3}{Elementi fondamentali}{section.5}% 13
\BOOKMARK [2][-]{subsection.5.4}{Modalit\340 di Servizio}{section.5}% 14
\BOOKMARK [2][-]{subsection.5.5}{Vantaggi}{section.5}% 15
\BOOKMARK [1][-]{section.6}{Protocolli}{}% 16
\BOOKMARK [2][-]{subsection.6.1}{Incapsulamento}{section.6}% 17
\BOOKMARK [1][-]{section.7}{OSI RM \(Open Systems Interconnction Reference Model\)}{}% 18
\BOOKMARK [2][-]{subsubsection.7.0.1}{Pila di protocolli}{section.7}% 19
\BOOKMARK [1][-]{section.8}{Flusso dell'Informazione}{}% 20
\BOOKMARK [1][-]{section.9}{Stack protocollare TCP/IP}{}% 21
\BOOKMARK [2][-]{subsection.9.1}{I Livelli}{section.9}% 22
\BOOKMARK [1][-]{section.10}{Livello Applicativo}{}% 23
\BOOKMARK [2][-]{subsection.10.1}{Protocollo a Livello Applicativo}{section.10}% 24
\BOOKMARK [2][-]{subsection.10.2}{Paradigmi}{section.10}% 25
\BOOKMARK [2][-]{subsection.10.3}{Componenti di un'Applicazione di Rete}{section.10}% 26
\BOOKMARK [2][-]{subsection.10.4}{Terminologia}{section.10}% 27
\BOOKMARK [2][-]{subsection.10.5}{Identificazione di un Processo}{section.10}% 28
\BOOKMARK [2][-]{subsection.10.6}{Esempio di API: TCP}{section.10}% 29
\BOOKMARK [2][-]{subsection.10.7}{Uso dei Servizi di Trasporto}{section.10}% 30
\BOOKMARK [1][-]{section.11}{Applicazioni Web e HTTP}{}% 31
\BOOKMARK [2][-]{subsection.11.1}{Terminologia}{section.11}% 32
\BOOKMARK [2][-]{subsection.11.2}{Uniform Resource Identifier}{section.11}% 33
\BOOKMARK [3][-]{subsubsection.11.2.1}{Sintassi}{subsection.11.2}% 34
\BOOKMARK [3][-]{subsubsection.11.2.2}{Assolute e Relative}{subsection.11.2}% 35
\BOOKMARK [1][-]{section.12}{HTTP}{}% 36
\BOOKMARK [2][-]{subsection.12.1}{HTTP URL}{section.12}% 37
\BOOKMARK [2][-]{subsection.12.2}{Caratteristiche}{section.12}% 38
\BOOKMARK [3][-]{subsubsection.12.2.1}{Modello}{subsection.12.2}% 39
\BOOKMARK [3][-]{subsubsection.12.2.2}{Connessioni}{subsection.12.2}% 40
\BOOKMARK [2][-]{subsection.12.3}{Esempio HTTP}{section.12}% 41
\BOOKMARK [2][-]{subsection.12.4}{Messaggi HTTP}{section.12}% 42
\BOOKMARK [2][-]{subsection.12.5}{Header}{section.12}% 43
\BOOKMARK [3][-]{subsubsection.12.5.1}{Request header}{subsection.12.5}% 44
\BOOKMARK [2][-]{subsection.12.6}{HTTP Response}{section.12}% 45
\BOOKMARK [3][-]{subsubsection.12.6.1}{Response Headers}{subsection.12.6}% 46
\BOOKMARK [2][-]{subsection.12.7}{Negoziazione del contenuto}{section.12}% 47
\BOOKMARK [3][-]{subsubsection.12.7.1}{Entity Headers}{subsection.12.7}% 48
\BOOKMARK [1][-]{section.13}{Web Caching}{}% 49
\BOOKMARK [1][-]{section.14}{Cookies}{}% 50
\BOOKMARK [1][-]{section.15}{Telnet}{}% 51
\BOOKMARK [2][-]{subsection.15.1}{Introduzione}{section.15}% 52
\BOOKMARK [2][-]{subsection.15.2}{Protocollo Telnet}{section.15}% 53
\BOOKMARK [2][-]{subsection.15.3}{NVT}{section.15}% 54
\BOOKMARK [2][-]{subsection.15.4}{Architettura}{section.15}% 55
\BOOKMARK [2][-]{subsection.15.5}{Funzionamento}{section.15}% 56
\BOOKMARK [1][-]{section.16}{SSH}{}% 57
\BOOKMARK [1][-]{section.17}{TCP Port Forwarding}{}% 58
\BOOKMARK [1][-]{section.18}{FTP}{}% 59
\BOOKMARK [2][-]{subsection.18.1}{Modello FTP}{section.18}% 60
\BOOKMARK [3][-]{subsubsection.18.1.1}{Connessione di Controllo}{subsection.18.1}% 61
\BOOKMARK [3][-]{subsubsection.18.1.2}{Connessione Dati}{subsection.18.1}% 62
\BOOKMARK [2][-]{subsection.18.2}{Altri Dettagli}{section.18}% 63
\BOOKMARK [3][-]{subsubsection.18.2.1}{Due Modalit\340}{subsection.18.2}% 64
\BOOKMARK [3][-]{subsubsection.18.2.2}{Stateful}{subsection.18.2}% 65
\BOOKMARK [3][-]{subsubsection.18.2.3}{Modalit\340 di trasmissione}{subsection.18.2}% 66
\BOOKMARK [2][-]{subsection.18.3}{Anonymous FTP}{section.18}% 67
\BOOKMARK [1][-]{section.19}{DNS}{}% 68
\BOOKMARK [2][-]{subsection.19.1}{Motivazioni}{section.19}% 69
\BOOKMARK [2][-]{subsection.19.2}{Struttura}{section.19}% 70
\BOOKMARK [2][-]{subsection.19.3}{Servizi}{section.19}% 71
\BOOKMARK [2][-]{subsection.19.4}{Spazio dei nomi}{section.19}% 72
\BOOKMARK [3][-]{subsubsection.19.4.1}{Indirizzi}{subsection.19.4}% 73
\BOOKMARK [3][-]{subsubsection.19.4.2}{Nomi}{subsection.19.4}% 74
\BOOKMARK [3][-]{subsubsection.19.4.3}{Top-Level Domains}{subsection.19.4}% 75
\BOOKMARK [3][-]{subsubsection.19.4.4}{Struttura di un nome alfanumerico}{subsection.19.4}% 76
\BOOKMARK [2][-]{subsection.19.5}{Conversione}{section.19}% 77
\BOOKMARK [3][-]{subsubsection.19.5.1}{Name Servers}{subsection.19.5}% 78
\BOOKMARK [3][-]{subsubsection.19.5.2}{Root Name Servers}{subsection.19.5}% 79
\BOOKMARK [3][-]{subsubsection.19.5.3}{Gerarchia dei server}{subsection.19.5}% 80
\BOOKMARK [2][-]{subsection.19.6}{Risoluzione dei nomi}{section.19}% 81
\BOOKMARK [2][-]{subsection.19.7}{Caching e Aggiornamento Record}{section.19}% 82
\BOOKMARK [2][-]{subsection.19.8}{Record DNS}{section.19}% 83
\BOOKMARK [2][-]{subsection.19.9}{Messaggi DNS}{section.19}% 84
\BOOKMARK [1][-]{section.20}{SMTP}{}% 85
\BOOKMARK [2][-]{subsection.20.1}{Agenti Utente}{section.20}% 86
\BOOKMARK [2][-]{subsection.20.2}{Mail Server}{section.20}% 87
\BOOKMARK [2][-]{subsection.20.3}{Schema di principio}{section.20}% 88
\BOOKMARK [2][-]{subsection.20.4}{Indirizzo}{section.20}% 89
\BOOKMARK [2][-]{subsection.20.5}{Gestione Alias}{section.20}% 90
\BOOKMARK [2][-]{subsection.20.6}{Modello di riferimento}{section.20}% 91
\BOOKMARK [2][-]{subsection.20.7}{Simple Mail Transfer Protocol}{section.20}% 92
\BOOKMARK [2][-]{subsection.20.8}{SMTP Mail Relaying}{section.20}% 93
\BOOKMARK [2][-]{subsection.20.9}{Modello SMTP}{section.20}% 94
\BOOKMARK [3][-]{subsubsection.20.9.1}{Fallimenti nella consegna}{subsection.20.9}% 95
\BOOKMARK [2][-]{subsection.20.10}{Protocollo}{section.20}% 96
\BOOKMARK [2][-]{subsection.20.11}{Comandi SMTP}{section.20}% 97
\BOOKMARK [2][-]{subsection.20.12}{Esempio}{section.20}% 98
\BOOKMARK [2][-]{subsection.20.13}{Formato messaggi mail}{section.20}% 99
\BOOKMARK [2][-]{subsection.20.14}{Estensioni multimediali}{section.20}% 100
\BOOKMARK [3][-]{subsubsection.20.14.1}{MIME}{subsection.20.14}% 101
\BOOKMARK [3][-]{subsubsection.20.14.2}{Tipi MIME}{subsection.20.14}% 102
\BOOKMARK [2][-]{subsection.20.15}{Protocolli di accesso alla mail}{section.20}% 103
\BOOKMARK [1][-]{section.21}{Livello di Trasporto}{}% 104
\BOOKMARK [2][-]{subsection.21.1}{Obiettivi}{section.21}% 105
\BOOKMARK [2][-]{subsection.21.2}{Caratteristiche}{section.21}% 106
\BOOKMARK [2][-]{subsection.21.3}{Servizi offerti}{section.21}% 107
\BOOKMARK [1][-]{section.22}{UDP}{}% 108
\BOOKMARK [2][-]{subsection.22.1}{Propriet\340}{section.22}% 109
\BOOKMARK [2][-]{subsection.22.2}{Datagramma UDP}{section.22}% 110
\BOOKMARK [2][-]{subsection.22.3}{Calcolo del checksum}{section.22}% 111
\BOOKMARK [2][-]{subsection.22.4}{TCP vs UDP}{section.22}% 112
\BOOKMARK [1][-]{section.23}{TCP}{}% 113
\BOOKMARK [2][-]{subsection.23.1}{Propriet\340}{section.23}% 114
\BOOKMARK [2][-]{subsection.23.2}{Funzioni del segmento TCP}{section.23}% 115
\BOOKMARK [2][-]{subsection.23.3}{Processi e Socket TPC}{section.23}% 116
\BOOKMARK [2][-]{subsection.23.4}{Trasferimento bufferizzato}{section.23}% 117
\BOOKMARK [2][-]{subsection.23.5}{Segmenti TCP}{section.23}% 118
\BOOKMARK [2][-]{subsection.23.6}{Numeri di sequenza e di riscontro}{section.23}% 119
\BOOKMARK [2][-]{subsection.23.7}{Segmento TCP}{section.23}% 120
\BOOKMARK [3][-]{subsubsection.23.7.1}{Campi del segmento TCP}{subsection.23.7}% 121
\BOOKMARK [3][-]{subsubsection.23.7.2}{Formato del segmento TCP}{subsection.23.7}% 122
\BOOKMARK [2][-]{subsection.23.8}{Gestione della connessione}{section.23}% 123
\BOOKMARK [3][-]{subsubsection.23.8.1}{Three-Way Handshake}{subsection.23.8}% 124
\BOOKMARK [3][-]{subsubsection.23.8.2}{Perch\351 a tre vie}{subsection.23.8}% 125
\BOOKMARK [3][-]{subsubsection.23.8.3}{Esempio}{subsection.23.8}% 126
\BOOKMARK [3][-]{subsubsection.23.8.4}{Chiusura della connessione con handshake}{subsection.23.8}% 127
\BOOKMARK [2][-]{subsection.23.9}{Half-Close}{section.23}% 128
\BOOKMARK [3][-]{subsubsection.23.9.1}{Scenario Half-Close}{subsection.23.9}% 129
\BOOKMARK [3][-]{subsubsection.23.9.2}{Stato Time-Wait}{subsection.23.9}% 130
\BOOKMARK [2][-]{subsection.23.10}{Stati del TCP}{section.23}% 131
\BOOKMARK [2][-]{subsection.23.11}{Trasferimento Dati Affidabile}{section.23}% 132
\BOOKMARK [3][-]{subsubsection.23.11.1}{Sequenza e riscontro}{subsection.23.11}% 133
\BOOKMARK [3][-]{subsubsection.23.11.2}{Eventi lato mittente}{subsection.23.11}% 134
\BOOKMARK [3][-]{subsubsection.23.11.3}{Eventi lato destinatario}{subsection.23.11}% 135
\BOOKMARK [3][-]{subsubsection.23.11.4}{Esempi}{subsection.23.11}% 136
\BOOKMARK [2][-]{subsection.23.12}{Calcolo del timeout}{section.23}% 137
\BOOKMARK [2][-]{subsection.23.13}{Finestra di trasmissione}{section.23}% 138
\BOOKMARK [2][-]{subsection.23.14}{Controllo della congestione}{section.23}% 139
\BOOKMARK [3][-]{subsubsection.23.14.1}{Algoritmo per il controllo della congestione}{subsection.23.14}% 140
\BOOKMARK [3][-]{subsubsection.23.14.2}{cWnd}{subsection.23.14}% 141
\BOOKMARK [3][-]{subsubsection.23.14.3}{AIMD}{subsection.23.14}% 142
\BOOKMARK [3][-]{subsubsection.23.14.4}{Slow Start}{subsection.23.14}% 143
\BOOKMARK [3][-]{subsubsection.23.14.5}{Politica Reno per il controllo della congestione}{subsection.23.14}% 144
\BOOKMARK [3][-]{subsubsection.23.14.6}{Politica Tahoe per il controllo della congestione}{subsection.23.14}% 145
\BOOKMARK [2][-]{subsection.23.15}{Throughput}{section.23}% 146
\BOOKMARK [2][-]{subsection.23.16}{Fairness}{section.23}% 147
\BOOKMARK [2][-]{subsection.23.17}{Transmission Control Block}{section.23}% 148
\BOOKMARK [1][-]{section.24}{Livello di Rete}{}% 149
\BOOKMARK [2][-]{subsection.24.1}{Servizi}{section.24}% 150
\BOOKMARK [2][-]{subsection.24.2}{Architettura di rete IP}{section.24}% 151
\BOOKMARK [2][-]{subsection.24.3}{Protocol Data Units}{section.24}% 152
\BOOKMARK [2][-]{subsection.24.4}{Alcuni protocolli della Suite TCP/IP}{section.24}% 153
\BOOKMARK [1][-]{section.25}{IP}{}% 154
\BOOKMARK [2][-]{subsection.25.1}{Funzioni}{section.25}% 155
\BOOKMARK [3][-]{subsubsection.25.1.1}{Inoltro}{subsection.25.1}% 156
\BOOKMARK [3][-]{subsubsection.25.1.2}{Instradamento}{subsection.25.1}% 157
\BOOKMARK [3][-]{subsubsection.25.1.3}{Indirizzamento}{subsection.25.1}% 158
\BOOKMARK [2][-]{subsection.25.2}{Multiplexing / Demultiplexing}{section.25}% 159
\BOOKMARK [2][-]{subsection.25.3}{Datagramma IP}{section.25}% 160
\BOOKMARK [3][-]{subsubsection.25.3.1}{Formato}{subsection.25.3}% 161
\BOOKMARK [3][-]{subsubsection.25.3.2}{Campi}{subsection.25.3}% 162
\BOOKMARK [2][-]{subsection.25.4}{Frammentazione}{section.25}% 163
\BOOKMARK [1][-]{section.26}{Indirizzamento IP}{}% 164
\BOOKMARK [2][-]{subsection.26.1}{Indirizzi IPv4}{section.26}% 165
\BOOKMARK [2][-]{subsection.26.2}{Strategie di addressing}{section.26}% 166
\BOOKMARK [3][-]{subsubsection.26.2.1}{Classful addressing}{subsection.26.2}% 167
\BOOKMARK [3][-]{subsubsection.26.2.2}{Classless addressing}{subsection.26.2}% 168
\BOOKMARK [2][-]{subsection.26.3}{Subnet Mask}{section.26}% 169
\BOOKMARK [2][-]{subsection.26.4}{Indirizzi speciali}{section.26}% 170
\BOOKMARK [2][-]{subsection.26.5}{Assegnazione degli indirizzi}{section.26}% 171
\BOOKMARK [1][-]{section.27}{DHCP}{}% 172
\BOOKMARK [1][-]{section.28}{IP Forwarding}{}% 173
\BOOKMARK [2][-]{subsection.28.1}{Forwarding Diretto}{section.28}% 174
\BOOKMARK [2][-]{subsection.28.2}{Forwarding Indiretto}{section.28}% 175
\BOOKMARK [1][-]{section.29}{NAT}{}% 176
\BOOKMARK [1][-]{section.30}{ICMP}{}% 177
\BOOKMARK [2][-]{subsection.30.1}{Formato dei messaggi}{section.30}% 178
\BOOKMARK [1][-]{section.31}{Ping}{}% 179
\BOOKMARK [1][-]{section.32}{Traceroute}{}% 180
\BOOKMARK [1][-]{section.33}{Routing}{}% 181
\BOOKMARK [2][-]{subsection.33.1}{Router}{section.33}% 182
\BOOKMARK [2][-]{subsection.33.2}{Routing Engine}{section.33}% 183
\BOOKMARK [2][-]{subsection.33.3}{Forwarding Engine}{section.33}% 184
\BOOKMARK [2][-]{subsection.33.4}{Algoritmi di Routing}{section.33}% 185
\BOOKMARK [3][-]{subsubsection.33.4.1}{Tipologie}{subsection.33.4}% 186
\BOOKMARK [3][-]{subsubsection.33.4.2}{Algoritmo Link State}{subsection.33.4}% 187
\BOOKMARK [3][-]{subsubsection.33.4.3}{Distance Vector Routing}{subsection.33.4}% 188
\BOOKMARK [3][-]{subsubsection.33.4.4}{Count-To-Infinity Problem}{subsection.33.4}% 189
\BOOKMARK [3][-]{subsubsection.33.4.5}{Link-State vs Distance Vector}{subsection.33.4}% 190
\BOOKMARK [1][-]{section.34}{Struttura di Internet}{}% 191
\BOOKMARK [2][-]{subsection.34.1}{Sistemi Autonomi}{section.34}% 192
\BOOKMARK [2][-]{subsection.34.2}{Protocolli d'Instradamento}{section.34}% 193
\BOOKMARK [2][-]{subsection.34.3}{Routing Gerarchico}{section.34}% 194
\BOOKMARK [2][-]{subsection.34.4}{Protocolli}{section.34}% 195
\BOOKMARK [3][-]{subsubsection.34.4.1}{RIP}{subsection.34.4}% 196
\BOOKMARK [3][-]{subsubsection.34.4.2}{OSPF}{subsection.34.4}% 197
\BOOKMARK [3][-]{subsubsection.34.4.3}{BGP}{subsection.34.4}% 198
\BOOKMARK [1][-]{section.35}{Livello Data Link}{}% 199
\BOOKMARK [2][-]{subsection.35.1}{Collegamenti}{section.35}% 200
\BOOKMARK [2][-]{subsection.35.2}{Servizi}{section.35}% 201
\BOOKMARK [2][-]{subsection.35.3}{Indirizzi}{section.35}% 202
\BOOKMARK [3][-]{subsubsection.35.3.1}{Indirizzi MAC}{subsection.35.3}% 203
\BOOKMARK [3][-]{subsubsection.35.3.2}{Indirizzamento}{subsection.35.3}% 204
\BOOKMARK [3][-]{subsubsection.35.3.3}{ARP}{subsection.35.3}% 205
\BOOKMARK [2][-]{subsection.35.4}{Ethernet}{section.35}% 206
\BOOKMARK [3][-]{subsubsection.35.4.1}{Topologia a Stella}{subsection.35.4}% 207
\BOOKMARK [3][-]{subsubsection.35.4.2}{Pacchetti}{subsection.35.4}% 208
\BOOKMARK [1][-]{section.36}{Dispositivi di interconnessione}{}% 209
\BOOKMARK [2][-]{subsection.36.1}{Repeater}{section.36}% 210
\BOOKMARK [2][-]{subsection.36.2}{Hub}{section.36}% 211
\BOOKMARK [2][-]{subsection.36.3}{Switch}{section.36}% 212
\BOOKMARK [3][-]{subsubsection.36.3.1}{Switch con auto apprendimento}{subsection.36.3}% 213
\BOOKMARK [2][-]{subsection.36.4}{Router}{section.36}% 214
\BOOKMARK [1][-]{section.37}{VLAN}{}% 215
\BOOKMARK [2][-]{subsection.37.1}{Definire le VLAN}{section.37}% 216
\BOOKMARK [3][-]{subsubsection.37.1.1}{Appartenenza per gruppo di porta}{subsection.37.1}% 217
\BOOKMARK [3][-]{subsubsection.37.1.2}{Appartenenza per indirizzo MAC}{subsection.37.1}% 218
\BOOKMARK [3][-]{subsubsection.37.1.3}{Appartenenza per informazioni sul protocollo}{subsection.37.1}% 219
\BOOKMARK [2][-]{subsection.37.2}{Comunicare l'appartenenza}{section.37}% 220
\BOOKMARK [1][-]{section.38}{Cenni di applicazioni P2P}{}% 221
\BOOKMARK [2][-]{subsection.38.1}{Paradigma Peer-to-Peer}{section.38}% 222
\BOOKMARK [2][-]{subsection.38.2}{Directory Centralizzata}{section.38}% 223
\BOOKMARK [2][-]{subsection.38.3}{Reti Decentralizzate}{section.38}% 224
\BOOKMARK [2][-]{subsection.38.4}{Reti Non Strutturate}{section.38}% 225
\BOOKMARK [2][-]{subsection.38.5}{Copertura Gerarchica}{section.38}% 226
\BOOKMARK [2][-]{subsection.38.6}{BitTorrent}{section.38}% 227
\BOOKMARK [3][-]{subsubsection.38.6.1}{Strategie principali}{subsection.38.6}% 228
\BOOKMARK [2][-]{subsection.38.7}{Reti Strutturate}{section.38}% 229
\BOOKMARK [3][-]{subsubsection.38.7.1}{DHT}{subsection.38.7}% 230
\BOOKMARK [1][-]{section.39}{Sicurezza}{}% 231
\BOOKMARK [2][-]{subsection.39.1}{Cifratura a Chiave Simmetrica}{section.39}% 232
\BOOKMARK [2][-]{subsection.39.2}{Cifratura a Chiave Asimmetrica}{section.39}% 233
\BOOKMARK [2][-]{subsection.39.3}{Message Digest}{section.39}% 234
\BOOKMARK [2][-]{subsection.39.4}{Message Authentication Code}{section.39}% 235
\BOOKMARK [2][-]{subsection.39.5}{Firma Digitale}{section.39}% 236
\BOOKMARK [2][-]{subsection.39.6}{IPsec}{section.39}% 237
\BOOKMARK [3][-]{subsubsection.39.6.1}{ESP}{subsection.39.6}% 238
\BOOKMARK [1][-]{section.40}{Esercizi}{}% 239
\BOOKMARK [2][-]{subsection.40.1}{SMTP}{section.40}% 240
\BOOKMARK [2][-]{subsection.40.2}{DNS}{section.40}% 241
\BOOKMARK [2][-]{subsection.40.3}{TCP}{section.40}% 242
\BOOKMARK [2][-]{subsection.40.4}{IP}{section.40}% 243
\BOOKMARK [2][-]{subsection.40.5}{Routing}{section.40}% 244
